<?xml version="1.0" encoding="UTF-8"?>
<!-- Generated by org.testng.reporters.JUnitXMLReporter -->
<testsuite ignored="2" hostname="LAPTOP-7QKK0S96" failures="0" tests="2" name="Default test" time="0.415" errors="0" timestamp="2023-02-24T11:49:20 IST">
  <testcase classname="day05.Program03" name="testcase2" time="0.105"/>
  <testcase classname="day05.Program03" name="testcase4" time="0.006"/>
  <testcase classname="day05.Program03" name="testcase1" time="0.0">
    <ignored/>
  </testcase> <!-- testcase1 -->
  <testcase classname="day05.Program03" name="testcase3" time="0.0">
    <ignored/>
  </testcase> <!-- testcase3 -->
</testsuite> <!-- Default test -->
