<?xml version="1.0" encoding="UTF-8"?>
<!-- Generated by org.testng.reporters.JUnitXMLReporter -->
<testsuite ignored="0" hostname="LAPTOP-7QKK0S96" failures="0" tests="8" name="Test" time="3.06" errors="0" timestamp="2023-02-24T12:05:15 IST">
  <testcase classname="day05.Program04" name="testcase1" time="0.13"/>
  <testcase classname="day05.Program04" name="testcase2" time="0.009"/>
  <testcase classname="day05.Program04" name="testcase3" time="0.03"/>
  <testcase classname="day05.Program04" name="testcase4" time="0.01"/>
  <testcase classname="day05.Program02" name="testcase4" time="0.005"/>
  <testcase classname="day05.Program02" name="testcase2" time="0.022"/>
  <testcase classname="day05.Program02" name="testcase3" time="0.004"/>
  <testcase classname="day05.Program02" name="testcase1" time="0.004"/>
</testsuite> <!-- Test -->
