<?xml version="1.0" encoding="UTF-8"?>
<testng-results ignored="0" total="8" passed="8" failed="0" skipped="0">
  <reporter-output>
  </reporter-output>
  <suite started-at="2023-02-24T12:05:08 IST" name="Suite" finished-at="2023-02-24T12:05:12 IST" duration-ms="3060">
    <groups>
    </groups>
    <test started-at="2023-02-24T12:05:08 IST" name="Test" finished-at="2023-02-24T12:05:12 IST" duration-ms="3060">
      <class name="day05.Program04">
        <test-method signature="testcase1()[pri:0, instance:day05.Program04@1725dc0f]" started-at="2023-02-24T12:05:09 IST" name="testcase1" finished-at="2023-02-24T12:05:09 IST" duration-ms="130" status="PASS">
          <reporter-output>
          </reporter-output>
        </test-method> <!-- testcase1 -->
        <test-method signature="testcase2()[pri:0, instance:day05.Program04@1725dc0f]" started-at="2023-02-24T12:05:11 IST" name="testcase2" finished-at="2023-02-24T12:05:11 IST" duration-ms="9" status="PASS">
          <reporter-output>
          </reporter-output>
        </test-method> <!-- testcase2 -->
        <test-method signature="testcase3()[pri:0, instance:day05.Program04@1725dc0f]" started-at="2023-02-24T12:05:11 IST" name="testcase3" finished-at="2023-02-24T12:05:11 IST" duration-ms="30" status="PASS">
          <reporter-output>
          </reporter-output>
        </test-method> <!-- testcase3 -->
        <test-method signature="testcase4()[pri:0, instance:day05.Program04@1725dc0f]" started-at="2023-02-24T12:05:11 IST" name="testcase4" finished-at="2023-02-24T12:05:11 IST" duration-ms="10" status="PASS">
          <reporter-output>
          </reporter-output>
        </test-method> <!-- testcase4 -->
      </class> <!-- day05.Program04 -->
      <class name="day05.Program02">
        <test-method signature="testcase4()[pri:0, instance:day05.Program02@39529185]" started-at="2023-02-24T12:05:11 IST" name="testcase4" finished-at="2023-02-24T12:05:11 IST" duration-ms="5" status="PASS">
          <reporter-output>
          </reporter-output>
        </test-method> <!-- testcase4 -->
        <test-method signature="testcase2()[pri:2, instance:day05.Program02@39529185]" started-at="2023-02-24T12:05:11 IST" name="testcase2" finished-at="2023-02-24T12:05:12 IST" duration-ms="22" status="PASS">
          <reporter-output>
          </reporter-output>
        </test-method> <!-- testcase2 -->
        <test-method signature="testcase3()[pri:3, instance:day05.Program02@39529185]" started-at="2023-02-24T12:05:12 IST" name="testcase3" finished-at="2023-02-24T12:05:12 IST" duration-ms="4" status="PASS">
          <reporter-output>
          </reporter-output>
        </test-method> <!-- testcase3 -->
        <test-method signature="testcase1()[pri:4, instance:day05.Program02@39529185]" started-at="2023-02-24T12:05:12 IST" name="testcase1" finished-at="2023-02-24T12:05:12 IST" duration-ms="4" status="PASS">
          <reporter-output>
          </reporter-output>
        </test-method> <!-- testcase1 -->
      </class> <!-- day05.Program02 -->
    </test> <!-- Test -->
  </suite> <!-- Suite -->
</testng-results>
