<?xml version="1.0" encoding="UTF-8"?>
<testng-results ignored="0" total="1" passed="1" failed="0" skipped="0">
  <reporter-output>
  </reporter-output>
  <suite started-at="2023-02-25T11:23:57 IST" name="Suite" finished-at="2023-02-25T11:24:39 IST" duration-ms="42331">
    <groups>
    </groups>
    <test started-at="2023-02-25T11:23:57 IST" name="Test" finished-at="2023-02-25T11:24:39 IST" duration-ms="42331">
      <class name="day06.Program05">
        <test-method signature="testcase(java.lang.String,java.lang.String)[pri:0, instance:day06.Program05@4f209819]" started-at="2023-02-25T11:23:57 IST" name="testcase" finished-at="2023-02-25T11:24:39 IST" duration-ms="42122" status="PASS">
          <params>
            <param index="0">
              <value>
                <![CDATA[frooti]]>
              </value>
            </param>
            <param index="1">
              <value>
                <![CDATA[test123]]>
              </value>
            </param>
          </params>
          <reporter-output>
          </reporter-output>
        </test-method> <!-- testcase -->
      </class> <!-- day06.Program05 -->
    </test> <!-- Test -->
  </suite> <!-- Suite -->
</testng-results>
